0 info it worked if it ends with ok
1 verbose cli [ 'C:\\softroot\\AppCanStudioPersonalV3.2\\HDK\\emulator\\mas\\\\node.exe',
1 verbose cli   'C:\\softroot\\AppCanStudioPersonalV3.2\\HDK\\emulator\\mas\\node_modules\\npm\\bin\\npm-cli.js',
1 verbose cli   'install' ]
2 info using npm@1.4.3
3 info using node@v0.10.15
4 verbose node symlink C:\softroot\AppCanStudioPersonalV3.2\HDK\emulator\mas\\node.exe
5 error install Couldn't read dependencies
6 error Failed to parse json
6 error Unexpected token /
7 error File: C:\Users\tang\Documents\GitHub\gruntDemo\package.json
8 error Failed to parse package.json data.
8 error package.json must be actual JSON, not just JavaScript.
8 error
8 error This is not a bug in npm.
8 error Tell the package author to fix their package.json file. JSON.parse
9 error System Windows_NT 6.1.7601
10 error command "C:\\softroot\\AppCanStudioPersonalV3.2\\HDK\\emulator\\mas\\\\node.exe" "C:\\softroot\\AppCanStudioPersonalV3.2\\HDK\\emulator\\mas\\node_modules\\npm\\bin\\npm-cli.js" "install"
11 error cwd C:\Users\tang\Documents\GitHub\gruntDemo
12 error node -v v0.10.15
13 error npm -v 1.4.3
14 error file C:\Users\tang\Documents\GitHub\gruntDemo\package.json
15 error code EJSONPARSE
16 verbose exit [ 1, true ]
